app/build/intermediates/manifest_merge_blame_file/debug/manifest-merger-blame-debug-report.txt
1<?xml version="1.0" encoding="utf-8"?>
2<manifest xmlns:android="http://schemas.android.com/apk/res/android"
3    package="fr.istic.mob.starproviderssp"
4    android:versionCode="1"
5    android:versionName="1.0" >
6
7    <uses-sdk
8        android:minSdkVersion="21"
8-->src\main\AndroidManifest.xml
9        android:targetSdkVersion="29" />
9-->src\main\AndroidManifest.xml
10
11    <uses-permission android:name="android.permission.INTERNET" />
11-->src\main\AndroidManifest.xml:5:5-66
11-->src\main\AndroidManifest.xml:5:22-64
12    <uses-permission android:name="android.permission.WAKE_LOCK" />
12-->[android.arch.work:work-runtime:1.0.0-alpha11] AndroidManifest.xml:23:5-68
12-->[android.arch.work:work-runtime:1.0.0-alpha11] AndroidManifest.xml:23:22-65
13    <uses-permission android:name="android.permission.ACCESS_NETWORK_STATE" />
13-->[android.arch.work:work-runtime:1.0.0-alpha11] AndroidManifest.xml:24:5-79
13-->[android.arch.work:work-runtime:1.0.0-alpha11] AndroidManifest.xml:24:22-76
14    <uses-permission android:name="android.permission.RECEIVE_BOOT_COMPLETED" />
14-->[android.arch.work:work-runtime:1.0.0-alpha11] AndroidManifest.xml:25:5-81
14-->[android.arch.work:work-runtime:1.0.0-alpha11] AndroidManifest.xml:25:22-78
15
16    <application
16-->src\main\AndroidManifest.xml:7:5-22:19
17        android:allowBackup="true"
17-->src\main\AndroidManifest.xml:8:9-35
18        android:appComponentFactory="androidx.core.app.CoreComponentFactory"
18-->[androidx.core:core:1.0.1] AndroidManifest.xml:22:18-86
19        android:debuggable="true"
20        android:icon="@mipmap/ic_launcher"
20-->src\main\AndroidManifest.xml:9:9-43
21        android:label="@string/app_name"
21-->src\main\AndroidManifest.xml:10:9-41
22        android:roundIcon="@mipmap/ic_launcher_round"
22-->src\main\AndroidManifest.xml:11:9-54
23        android:supportsRtl="true"
23-->src\main\AndroidManifest.xml:12:9-35
24        android:testOnly="true"
25        android:theme="@style/AppTheme"
25-->src\main\AndroidManifest.xml:13:9-40
26        android:usesCleartextTraffic="true" >
26-->src\main\AndroidManifest.xml:14:9-44
27        <activity android:name="fr.istic.mob.starproviderssp.MainActivity" >
27-->src\main\AndroidManifest.xml:15:9-21:20
27-->src\main\AndroidManifest.xml:15:19-47
28            <intent-filter>
28-->src\main\AndroidManifest.xml:16:13-20:29
29                <action android:name="android.intent.action.MAIN" />
29-->src\main\AndroidManifest.xml:17:17-69
29-->src\main\AndroidManifest.xml:17:25-66
30
31                <category android:name="android.intent.category.LAUNCHER" />
31-->src\main\AndroidManifest.xml:19:17-77
31-->src\main\AndroidManifest.xml:19:27-74
32            </intent-filter>
33        </activity>
34
35        <provider
35-->[android.arch.work:work-runtime:1.0.0-alpha11] AndroidManifest.xml:28:9-34:35
36            android:name="androidx.work.impl.WorkManagerInitializer"
36-->[android.arch.work:work-runtime:1.0.0-alpha11] AndroidManifest.xml:29:13-69
37            android:authorities="fr.istic.mob.starproviderssp.workmanager-init"
37-->[android.arch.work:work-runtime:1.0.0-alpha11] AndroidManifest.xml:30:13-68
38            android:directBootAware="false"
38-->[android.arch.work:work-runtime:1.0.0-alpha11] AndroidManifest.xml:31:13-44
39            android:exported="false"
39-->[android.arch.work:work-runtime:1.0.0-alpha11] AndroidManifest.xml:32:13-37
40            android:multiprocess="true" />
40-->[android.arch.work:work-runtime:1.0.0-alpha11] AndroidManifest.xml:33:13-40
41
42        <service
42-->[android.arch.work:work-runtime:1.0.0-alpha11] AndroidManifest.xml:36:9-41:35
43            android:name="androidx.work.impl.background.systemalarm.SystemAlarmService"
43-->[android.arch.work:work-runtime:1.0.0-alpha11] AndroidManifest.xml:37:13-88
44            android:directBootAware="false"
44-->[android.arch.work:work-runtime:1.0.0-alpha11] AndroidManifest.xml:38:13-44
45            android:enabled="@bool/enable_system_alarm_service_default"
45-->[android.arch.work:work-runtime:1.0.0-alpha11] AndroidManifest.xml:39:13-72
46            android:exported="false" />
46-->[android.arch.work:work-runtime:1.0.0-alpha11] AndroidManifest.xml:40:13-37
47        <service
47-->[android.arch.work:work-runtime:1.0.0-alpha11] AndroidManifest.xml:42:9-48:35
48            android:name="androidx.work.impl.background.systemjob.SystemJobService"
48-->[android.arch.work:work-runtime:1.0.0-alpha11] AndroidManifest.xml:43:13-84
49            android:directBootAware="false"
49-->[android.arch.work:work-runtime:1.0.0-alpha11] AndroidManifest.xml:44:13-44
50            android:enabled="@bool/enable_system_job_service_default"
50-->[android.arch.work:work-runtime:1.0.0-alpha11] AndroidManifest.xml:45:13-70
51            android:exported="true"
51-->[android.arch.work:work-runtime:1.0.0-alpha11] AndroidManifest.xml:46:13-36
52            android:permission="android.permission.BIND_JOB_SERVICE" />
52-->[android.arch.work:work-runtime:1.0.0-alpha11] AndroidManifest.xml:47:13-69
53
54        <receiver
54-->[android.arch.work:work-runtime:1.0.0-alpha11] AndroidManifest.xml:50:9-55:35
55            android:name="androidx.work.impl.utils.ForceStopRunnable$BroadcastReceiver"
55-->[android.arch.work:work-runtime:1.0.0-alpha11] AndroidManifest.xml:51:13-88
56            android:directBootAware="false"
56-->[android.arch.work:work-runtime:1.0.0-alpha11] AndroidManifest.xml:52:13-44
57            android:enabled="true"
57-->[android.arch.work:work-runtime:1.0.0-alpha11] AndroidManifest.xml:53:13-35
58            android:exported="false" />
58-->[android.arch.work:work-runtime:1.0.0-alpha11] AndroidManifest.xml:54:13-37
59        <receiver
59-->[android.arch.work:work-runtime:1.0.0-alpha11] AndroidManifest.xml:56:9-65:20
60            android:name="androidx.work.impl.background.systemalarm.ConstraintProxy$BatteryChargingProxy"
60-->[android.arch.work:work-runtime:1.0.0-alpha11] AndroidManifest.xml:57:13-106
61            android:directBootAware="false"
61-->[android.arch.work:work-runtime:1.0.0-alpha11] AndroidManifest.xml:58:13-44
62            android:enabled="false" >
62-->[android.arch.work:work-runtime:1.0.0-alpha11] AndroidManifest.xml:59:13-36
63            <intent-filter>
63-->[android.arch.work:work-runtime:1.0.0-alpha11] AndroidManifest.xml:61:13-64:29
64                <action android:name="android.intent.action.ACTION_POWER_CONNECTED" />
64-->[android.arch.work:work-runtime:1.0.0-alpha11] AndroidManifest.xml:62:17-87
64-->[android.arch.work:work-runtime:1.0.0-alpha11] AndroidManifest.xml:62:25-84
65                <action android:name="android.intent.action.ACTION_POWER_DISCONNECTED" />
65-->[android.arch.work:work-runtime:1.0.0-alpha11] AndroidManifest.xml:63:17-90
65-->[android.arch.work:work-runtime:1.0.0-alpha11] AndroidManifest.xml:63:25-87
66            </intent-filter>
67        </receiver>
68        <receiver
68-->[android.arch.work:work-runtime:1.0.0-alpha11] AndroidManifest.xml:66:9-75:20
69            android:name="androidx.work.impl.background.systemalarm.ConstraintProxy$BatteryNotLowProxy"
69-->[android.arch.work:work-runtime:1.0.0-alpha11] AndroidManifest.xml:67:13-104
70            android:directBootAware="false"
70-->[android.arch.work:work-runtime:1.0.0-alpha11] AndroidManifest.xml:68:13-44
71            android:enabled="false" >
71-->[android.arch.work:work-runtime:1.0.0-alpha11] AndroidManifest.xml:69:13-36
72            <intent-filter>
72-->[android.arch.work:work-runtime:1.0.0-alpha11] AndroidManifest.xml:71:13-74:29
73                <action android:name="android.intent.action.BATTERY_OKAY" />
73-->[android.arch.work:work-runtime:1.0.0-alpha11] AndroidManifest.xml:72:17-77
73-->[android.arch.work:work-runtime:1.0.0-alpha11] AndroidManifest.xml:72:25-74
74                <action android:name="android.intent.action.BATTERY_LOW" />
74-->[android.arch.work:work-runtime:1.0.0-alpha11] AndroidManifest.xml:73:17-76
74-->[android.arch.work:work-runtime:1.0.0-alpha11] AndroidManifest.xml:73:25-73
75            </intent-filter>
76        </receiver>
77        <receiver
77-->[android.arch.work:work-runtime:1.0.0-alpha11] AndroidManifest.xml:76:9-85:20
78            android:name="androidx.work.impl.background.systemalarm.ConstraintProxy$StorageNotLowProxy"
78-->[android.arch.work:work-runtime:1.0.0-alpha11] AndroidManifest.xml:77:13-104
79            android:directBootAware="false"
79-->[android.arch.work:work-runtime:1.0.0-alpha11] AndroidManifest.xml:78:13-44
80            android:enabled="false" >
80-->[android.arch.work:work-runtime:1.0.0-alpha11] AndroidManifest.xml:79:13-36
81            <intent-filter>
81-->[android.arch.work:work-runtime:1.0.0-alpha11] AndroidManifest.xml:81:13-84:29
82                <action android:name="android.intent.action.DEVICE_STORAGE_LOW" />
82-->[android.arch.work:work-runtime:1.0.0-alpha11] AndroidManifest.xml:82:17-83
82-->[android.arch.work:work-runtime:1.0.0-alpha11] AndroidManifest.xml:82:25-80
83                <action android:name="android.intent.action.DEVICE_STORAGE_OK" />
83-->[android.arch.work:work-runtime:1.0.0-alpha11] AndroidManifest.xml:83:17-82
83-->[android.arch.work:work-runtime:1.0.0-alpha11] AndroidManifest.xml:83:25-79
84            </intent-filter>
85        </receiver>
86        <receiver
86-->[android.arch.work:work-runtime:1.0.0-alpha11] AndroidManifest.xml:86:9-94:20
87            android:name="androidx.work.impl.background.systemalarm.ConstraintProxy$NetworkStateProxy"
87-->[android.arch.work:work-runtime:1.0.0-alpha11] AndroidManifest.xml:87:13-103
88            android:directBootAware="false"
88-->[android.arch.work:work-runtime:1.0.0-alpha11] AndroidManifest.xml:88:13-44
89            android:enabled="false" >
89-->[android.arch.work:work-runtime:1.0.0-alpha11] AndroidManifest.xml:89:13-36
90            <intent-filter>
90-->[android.arch.work:work-runtime:1.0.0-alpha11] AndroidManifest.xml:91:13-93:29
91                <action android:name="android.net.conn.CONNECTIVITY_CHANGE" />
91-->[android.arch.work:work-runtime:1.0.0-alpha11] AndroidManifest.xml:92:17-79
91-->[android.arch.work:work-runtime:1.0.0-alpha11] AndroidManifest.xml:92:25-76
92            </intent-filter>
93        </receiver>
94        <receiver
94-->[android.arch.work:work-runtime:1.0.0-alpha11] AndroidManifest.xml:95:9-105:20
95            android:name="androidx.work.impl.background.systemalarm.RescheduleReceiver"
95-->[android.arch.work:work-runtime:1.0.0-alpha11] AndroidManifest.xml:96:13-88
96            android:directBootAware="false"
96-->[android.arch.work:work-runtime:1.0.0-alpha11] AndroidManifest.xml:97:13-44
97            android:enabled="false" >
97-->[android.arch.work:work-runtime:1.0.0-alpha11] AndroidManifest.xml:98:13-36
98            <intent-filter>
98-->[android.arch.work:work-runtime:1.0.0-alpha11] AndroidManifest.xml:100:13-104:29
99                <action android:name="android.intent.action.BOOT_COMPLETED" />
99-->[android.arch.work:work-runtime:1.0.0-alpha11] AndroidManifest.xml:101:17-79
99-->[android.arch.work:work-runtime:1.0.0-alpha11] AndroidManifest.xml:101:25-76
100                <action android:name="android.intent.action.TIME_SET" />
100-->[android.arch.work:work-runtime:1.0.0-alpha11] AndroidManifest.xml:102:17-73
100-->[android.arch.work:work-runtime:1.0.0-alpha11] AndroidManifest.xml:102:25-70
101                <action android:name="android.intent.action.TIMEZONE_CHANGED" />
101-->[android.arch.work:work-runtime:1.0.0-alpha11] AndroidManifest.xml:103:17-81
101-->[android.arch.work:work-runtime:1.0.0-alpha11] AndroidManifest.xml:103:25-78
102            </intent-filter>
103        </receiver>
104        <receiver
104-->[android.arch.work:work-runtime:1.0.0-alpha11] AndroidManifest.xml:106:9-115:20
105            android:name="androidx.work.impl.background.systemalarm.ConstraintProxyUpdateReceiver"
105-->[android.arch.work:work-runtime:1.0.0-alpha11] AndroidManifest.xml:107:13-99
106            android:directBootAware="false"
106-->[android.arch.work:work-runtime:1.0.0-alpha11] AndroidManifest.xml:108:13-44
107            android:enabled="@bool/enable_system_alarm_service_default"
107-->[android.arch.work:work-runtime:1.0.0-alpha11] AndroidManifest.xml:109:13-72
108            android:exported="false" >
108-->[android.arch.work:work-runtime:1.0.0-alpha11] AndroidManifest.xml:110:13-37
109            <intent-filter>
109-->[android.arch.work:work-runtime:1.0.0-alpha11] AndroidManifest.xml:112:13-114:29
110                <action android:name="androidx.work.impl.background.systemalarm.UpdateProxies" />
110-->[android.arch.work:work-runtime:1.0.0-alpha11] AndroidManifest.xml:113:17-98
110-->[android.arch.work:work-runtime:1.0.0-alpha11] AndroidManifest.xml:113:25-95
111            </intent-filter>
112        </receiver>
113
114        <provider
114-->[androidx.lifecycle:lifecycle-process:2.0.0] AndroidManifest.xml:23:9-27:43
115            android:name="androidx.lifecycle.ProcessLifecycleOwnerInitializer"
115-->[androidx.lifecycle:lifecycle-process:2.0.0] AndroidManifest.xml:24:13-79
116            android:authorities="fr.istic.mob.starproviderssp.lifecycle-process"
116-->[androidx.lifecycle:lifecycle-process:2.0.0] AndroidManifest.xml:25:13-69
117            android:exported="false"
117-->[androidx.lifecycle:lifecycle-process:2.0.0] AndroidManifest.xml:26:13-37
118            android:multiprocess="true" />
118-->[androidx.lifecycle:lifecycle-process:2.0.0] AndroidManifest.xml:27:13-40
119    </application>
120
121</manifest>